build/app/intermediates/manifest_merge_blame_file/debug/manifest-merger-blame-debug-report.txt
1<?xml version="1.0" encoding="utf-8"?>
2<manifest xmlns:android="http://schemas.android.com/apk/res/android"
3    package="hamza.dali.flutter_osm_plugin_example"
4    android:versionCode="1"
5    android:versionName="1.0" >
6
7    <uses-sdk
8        android:minSdkVersion="19"
9        android:targetSdkVersion="30" />
10    <!--
11         Flutter needs it to communicate with the running application
12         to allow setting breakpoints, to provide hot reload, etc.
13    -->
14    <uses-permission android:name="android.permission.INTERNET" />
14-->src\main\AndroidManifest.xml:10:5-67
14-->src\main\AndroidManifest.xml:10:22-64
15    <!--
16     io.flutter.app.FlutterApplication is an android.app.Application that
17         calls FlutterMain.startInitialization(this); in its onCreate method.
18         In most cases you can leave this as-is, but you if you want to provide
19         additional functionality it is fine to subclass or reimplement
20         FlutterApplication and put your custom class here.
21    -->
22    <uses-permission android:name="android.permission.ACCESS_COARSE_LOCATION" />
22-->src\main\AndroidManifest.xml:8:5-81
22-->src\main\AndroidManifest.xml:8:22-78
23    <uses-permission android:name="android.permission.ACCESS_FINE_LOCATION" />
23-->src\main\AndroidManifest.xml:9:5-78
23-->src\main\AndroidManifest.xml:9:22-76
24    <uses-permission android:name="android.permission.ACCESS_NETWORK_STATE" />
24-->src\main\AndroidManifest.xml:11:5-80
24-->src\main\AndroidManifest.xml:11:22-76
25    <uses-permission android:name="android.permission.WRITE_EXTERNAL_STORAGE" />
25-->src\main\AndroidManifest.xml:12:5-81
25-->src\main\AndroidManifest.xml:12:22-78
26    <uses-permission android:name="android.permission.READ_EXTERNAL_STORAGE" />
27
28    <supports-screens
28-->[org.osmdroid:osmdroid-android:6.1.11] AndroidManifest.xml:11:5-14:40
29        android:anyDensity="true"
29-->[org.osmdroid:osmdroid-android:6.1.11] AndroidManifest.xml:12:9-34
30        android:largeScreens="true"
30-->[org.osmdroid:osmdroid-android:6.1.11] AndroidManifest.xml:13:9-36
31        android:normalScreens="true" />
31-->[org.osmdroid:osmdroid-android:6.1.11] AndroidManifest.xml:14:9-37
32
33    <uses-feature
33-->[org.osmdroid:osmdroid-android:6.1.11] AndroidManifest.xml:16:5-18:36
34        android:name="android.hardware.location.network"
34-->[org.osmdroid:osmdroid-android:6.1.11] AndroidManifest.xml:17:9-57
35        android:required="false" />
35-->[org.osmdroid:osmdroid-android:6.1.11] AndroidManifest.xml:18:9-33
36    <uses-feature
36-->[org.osmdroid:osmdroid-android:6.1.11] AndroidManifest.xml:19:5-21:36
37        android:name="android.hardware.location.gps"
37-->[org.osmdroid:osmdroid-android:6.1.11] AndroidManifest.xml:20:9-53
38        android:required="false" />
38-->[org.osmdroid:osmdroid-android:6.1.11] AndroidManifest.xml:21:9-33
39    <uses-feature
39-->[org.osmdroid:osmdroid-android:6.1.11] AndroidManifest.xml:22:5-24:36
40        android:name="android.hardware.telephony"
40-->[org.osmdroid:osmdroid-android:6.1.11] AndroidManifest.xml:23:9-50
41        android:required="false" />
41-->[org.osmdroid:osmdroid-android:6.1.11] AndroidManifest.xml:24:9-33
42    <uses-feature
42-->[org.osmdroid:osmdroid-android:6.1.11] AndroidManifest.xml:25:5-27:36
43        android:name="android.hardware.wifi"
43-->[org.osmdroid:osmdroid-android:6.1.11] AndroidManifest.xml:26:9-45
44        android:required="false" />
44-->[org.osmdroid:osmdroid-android:6.1.11] AndroidManifest.xml:27:9-33
45
46    <application
46-->src\main\AndroidManifest.xml:13:5-36:19
47        android:name="androidx.multidex.MultiDexApplication"
48        android:appComponentFactory="androidx.core.app.CoreComponentFactory"
48-->[androidx.core:core:1.7.0] AndroidManifest.xml:24:18-86
49        android:debuggable="true"
50        android:icon="@mipmap/ic_launcher"
50-->src\main\AndroidManifest.xml:16:9-43
51        android:label="flutter_osm_plugin_example"
51-->src\main\AndroidManifest.xml:15:9-51
52        android:usesCleartextTraffic="true" >
52-->src\main\AndroidManifest.xml:17:9-44
53        <activity
53-->src\main\AndroidManifest.xml:18:9-30:20
54            android:name="hamza.dali.flutter_osm_plugin_example.MainActivity"
54-->src\main\AndroidManifest.xml:19:13-41
55            android:configChanges="orientation|keyboardHidden|keyboard|screenSize|smallestScreenSize|locale|layoutDirection|fontScale|screenLayout|density|uiMode"
55-->src\main\AndroidManifest.xml:23:13-163
56            android:exported="true"
56-->src\main\AndroidManifest.xml:21:13-36
57            android:hardwareAccelerated="true"
57-->src\main\AndroidManifest.xml:24:13-47
58            android:launchMode="singleTop"
58-->src\main\AndroidManifest.xml:20:13-43
59            android:theme="@style/LaunchTheme"
59-->src\main\AndroidManifest.xml:22:13-47
60            android:windowSoftInputMode="adjustResize" >
60-->src\main\AndroidManifest.xml:25:13-55
61            <intent-filter>
61-->src\main\AndroidManifest.xml:26:13-29:29
62                <action android:name="android.intent.action.MAIN" />
62-->src\main\AndroidManifest.xml:27:17-68
62-->src\main\AndroidManifest.xml:27:25-66
63
64                <category android:name="android.intent.category.LAUNCHER" />
64-->src\main\AndroidManifest.xml:28:17-76
64-->src\main\AndroidManifest.xml:28:27-74
65            </intent-filter>
66        </activity>
67        <!--
68             Don't delete the meta-data below.
69             This is used by the Flutter tool to generate GeneratedPluginRegistrant.java
70        -->
71        <meta-data
71-->src\main\AndroidManifest.xml:33:9-35:33
72            android:name="flutterEmbedding"
72-->src\main\AndroidManifest.xml:34:13-44
73            android:value="2" />
73-->src\main\AndroidManifest.xml:35:13-30
74
75        <activity
75-->[:url_launcher_android] AndroidManifest.xml:8:9-11:74
76            android:name="io.flutter.plugins.urllauncher.WebViewActivity"
76-->[:url_launcher_android] AndroidManifest.xml:9:13-74
77            android:exported="false"
77-->[:url_launcher_android] AndroidManifest.xml:10:13-37
78            android:theme="@android:style/Theme.NoTitleBar.Fullscreen" />
78-->[:url_launcher_android] AndroidManifest.xml:11:13-71
79
80        <provider
80-->[com.squareup.picasso:picasso:2.71828] AndroidManifest.xml:8:9-11:40
81            android:name="com.squareup.picasso.PicassoProvider"
81-->[com.squareup.picasso:picasso:2.71828] AndroidManifest.xml:9:13-64
82            android:authorities="hamza.dali.flutter_osm_plugin_example.com.squareup.picasso"
82-->[com.squareup.picasso:picasso:2.71828] AndroidManifest.xml:10:13-72
83            android:exported="false" />
83-->[com.squareup.picasso:picasso:2.71828] AndroidManifest.xml:11:13-37
84        <provider
84-->[androidx.emoji2:emoji2:1.0.0] AndroidManifest.xml:26:9-34:20
85            android:name="androidx.startup.InitializationProvider"
85-->[androidx.emoji2:emoji2:1.0.0] AndroidManifest.xml:27:13-67
86            android:authorities="hamza.dali.flutter_osm_plugin_example.androidx-startup"
86-->[androidx.emoji2:emoji2:1.0.0] AndroidManifest.xml:28:13-68
87            android:exported="false" >
87-->[androidx.emoji2:emoji2:1.0.0] AndroidManifest.xml:29:13-37
88            <meta-data
88-->[androidx.emoji2:emoji2:1.0.0] AndroidManifest.xml:31:13-33:52
89                android:name="androidx.emoji2.text.EmojiCompatInitializer"
89-->[androidx.emoji2:emoji2:1.0.0] AndroidManifest.xml:32:17-75
90                android:value="androidx.startup" />
90-->[androidx.emoji2:emoji2:1.0.0] AndroidManifest.xml:33:17-49
91            <meta-data
91-->[androidx.lifecycle:lifecycle-process:2.4.0] AndroidManifest.xml:31:13-33:52
92                android:name="androidx.lifecycle.ProcessLifecycleInitializer"
92-->[androidx.lifecycle:lifecycle-process:2.4.0] AndroidManifest.xml:32:17-78
93                android:value="androidx.startup" />
93-->[androidx.lifecycle:lifecycle-process:2.4.0] AndroidManifest.xml:33:17-49
94        </provider>
95
96        <uses-library
96-->[androidx.window:window:1.0.0] AndroidManifest.xml:25:9-27:40
97            android:name="androidx.window.extensions"
97-->[androidx.window:window:1.0.0] AndroidManifest.xml:26:13-54
98            android:required="false" />
98-->[androidx.window:window:1.0.0] AndroidManifest.xml:27:13-37
99        <uses-library
99-->[androidx.window:window:1.0.0] AndroidManifest.xml:28:9-30:40
100            android:name="androidx.window.sidecar"
100-->[androidx.window:window:1.0.0] AndroidManifest.xml:29:13-51
101            android:required="false" />
101-->[androidx.window:window:1.0.0] AndroidManifest.xml:30:13-37
102    </application>
103
104</manifest>